TN:
SF:code\Counter.js
FN:2,Counter
FN:5,addOne
FN:8,addTwo
FN:11,minusOne
FN:14,minusTwo
FNF:5
FNH:5
FNDA:5,Counter
FNDA:1,addOne
FNDA:1,addTwo
FNDA:1,minusOne
FNDA:1,minusTwo
DA:1,1
DA:2,1
DA:3,5
DA:4,5
DA:5,1
DA:6,1
DA:7,1
DA:8,1
DA:9,1
DA:10,1
DA:11,1
DA:12,1
DA:13,1
DA:14,1
DA:15,1
DA:16,1
DA:17,1
LF:17
LH:17
BRDA:2,0,0,5
BRDA:5,1,0,1
BRDA:8,2,0,1
BRDA:11,3,0,1
BRDA:14,4,0,1
BRF:5
BRH:5
end_of_record
TN:
SF:code\featchData.js
FN:9,fetchDataCbk
FN:18,fetchData
FN:23,fetchDataCatch
FNF:3
FNH:3
FNDA:1,fetchDataCbk
FNDA:4,fetchData
FNDA:3,fetchDataCatch
DA:1,1
DA:2,1
DA:3,1
DA:4,1
DA:5,1
DA:6,1
DA:7,1
DA:8,1
DA:9,1
DA:10,1
DA:11,1
DA:12,1
DA:13,1
DA:14,1
DA:15,1
DA:16,1
DA:17,1
DA:18,1
DA:19,4
DA:20,4
DA:21,1
DA:22,1
DA:23,1
DA:24,3
DA:25,3
LF:25
LH:25
BRDA:9,0,0,1
BRDA:12,1,0,1
BRDA:18,2,0,4
BRDA:23,3,0,3
BRF:4
BRH:4
end_of_record
TN:
SF:code\index.js
FN:1,sum
FNF:1
FNH:1
FNDA:1,sum
DA:1,1
DA:2,1
DA:3,1
DA:4,1
DA:5,1
LF:5
LH:5
BRDA:1,0,0,1
BRF:1
BRH:1
end_of_record
