{"/Users/wuchendi/Di-got/GitHub/Front-End/14-jest/jest-vue/src/App.jsx": {"path":"/Users/wuchendi/Di-got/GitHub/Front-End/14-jest/jest-vue/src/App.jsx","statementMap":{"0":{"start":{"line":8,"column":4},"end":{"line":13,"column":6}}},"fnMap":{"0":{"name":"(anonymous_0)","decl":{"start":{"line":7,"column":2},"end":{"line":7,"column":3}},"loc":{"start":{"line":7,"column":11},"end":{"line":14,"column":3}},"line":7}},"branchMap":{},"s":{"0":0},"f":{"0":0},"b":{},"hash":"70c4066ccf579b8a16e8698eeb2b955abecff5c3"}
,"/Users/wuchendi/Di-got/GitHub/Front-End/14-jest/jest-vue/src/components/Header/index.jsx": {"path":"/Users/wuchendi/Di-got/GitHub/Front-End/14-jest/jest-vue/src/components/Header/index.jsx","statementMap":{"0":{"start":{"line":3,"column":15},"end":{"line":32,"column":1}},"1":{"start":{"line":6,"column":4},"end":{"line":8,"column":6}},"2":{"start":{"line":12,"column":6},"end":{"line":15,"column":7}},"3":{"start":{"line":13,"column":8},"end":{"line":13,"column":43}},"4":{"start":{"line":14,"column":8},"end":{"line":14,"column":29}},"5":{"start":{"line":19,"column":4},"end":{"line":30,"column":6}}},"fnMap":{"0":{"name":"(anonymous_0)","decl":{"start":{"line":5,"column":2},"end":{"line":5,"column":3}},"loc":{"start":{"line":5,"column":9},"end":{"line":9,"column":3}},"line":5},"1":{"name":"(anonymous_1)","decl":{"start":{"line":11,"column":4},"end":{"line":11,"column":5}},"loc":{"start":{"line":11,"column":18},"end":{"line":16,"column":5}},"line":11},"2":{"name":"(anonymous_2)","decl":{"start":{"line":18,"column":2},"end":{"line":18,"column":3}},"loc":{"start":{"line":18,"column":11},"end":{"line":31,"column":3}},"line":18}},"branchMap":{"0":{"loc":{"start":{"line":12,"column":6},"end":{"line":15,"column":7}},"type":"if","locations":[{"start":{"line":12,"column":6},"end":{"line":15,"column":7}},{"start":{"line":12,"column":6},"end":{"line":15,"column":7}}],"line":12}},"s":{"0":2,"1":6,"2":2,"3":1,"4":1,"5":8},"f":{"0":6,"1":2,"2":8},"b":{"0":[1,1]},"_coverageSchema":"43e27e138ebf9cfc5966b082cf9a028302ed4184","hash":"a3d96527508d72c5007a1cb3ec9d0f626b1b87e8"}
,"/Users/wuchendi/Di-got/GitHub/Front-End/14-jest/jest-vue/src/components/ToDoList/index.jsx": {"path":"/Users/wuchendi/Di-got/GitHub/Front-End/14-jest/jest-vue/src/components/ToDoList/index.jsx","statementMap":{"0":{"start":{"line":4,"column":17},"end":{"line":29,"column":1}},"1":{"start":{"line":7,"column":4},"end":{"line":9,"column":6}},"2":{"start":{"line":13,"column":6},"end":{"line":13,"column":37}},"3":{"start":{"line":14,"column":6},"end":{"line":14,"column":33}},"4":{"start":{"line":17,"column":6},"end":{"line":17,"column":37}},"5":{"start":{"line":18,"column":6},"end":{"line":18,"column":33}},"6":{"start":{"line":22,"column":4},"end":{"line":27,"column":6}}},"fnMap":{"0":{"name":"(anonymous_0)","decl":{"start":{"line":6,"column":2},"end":{"line":6,"column":3}},"loc":{"start":{"line":6,"column":9},"end":{"line":10,"column":3}},"line":6},"1":{"name":"(anonymous_1)","decl":{"start":{"line":12,"column":4},"end":{"line":12,"column":5}},"loc":{"start":{"line":12,"column":28},"end":{"line":15,"column":5}},"line":12},"2":{"name":"(anonymous_2)","decl":{"start":{"line":16,"column":4},"end":{"line":16,"column":5}},"loc":{"start":{"line":16,"column":28},"end":{"line":19,"column":5}},"line":16},"3":{"name":"(anonymous_3)","decl":{"start":{"line":21,"column":2},"end":{"line":21,"column":3}},"loc":{"start":{"line":21,"column":11},"end":{"line":28,"column":3}},"line":21}},"branchMap":{},"s":{"0":1,"1":4,"2":1,"3":1,"4":1,"5":1,"6":6},"f":{"0":4,"1":1,"2":1,"3":6},"b":{},"_coverageSchema":"43e27e138ebf9cfc5966b082cf9a028302ed4184","hash":"b45994a6007b1eacab8a5021bd8fade9325222ca"}
,"/Users/wuchendi/Di-got/GitHub/Front-End/14-jest/jest-vue/src/components/UnDoList/index.jsx": {"path":"/Users/wuchendi/Di-got/GitHub/Front-End/14-jest/jest-vue/src/components/UnDoList/index.jsx","statementMap":{"0":{"start":{"line":3,"column":17},"end":{"line":37,"column":1}},"1":{"start":{"line":8,"column":6},"end":{"line":8,"column":25}},"2":{"start":{"line":9,"column":6},"end":{"line":9,"column":34}},"3":{"start":{"line":13,"column":4},"end":{"line":35,"column":6}},"4":{"start":{"line":22,"column":12},"end":{"line":31,"column":17}},"5":{"start":{"line":26,"column":32},"end":{"line":26,"column":56}}},"fnMap":{"0":{"name":"(anonymous_0)","decl":{"start":{"line":7,"column":4},"end":{"line":7,"column":5}},"loc":{"start":{"line":7,"column":24},"end":{"line":10,"column":5}},"line":7},"1":{"name":"(anonymous_1)","decl":{"start":{"line":12,"column":2},"end":{"line":12,"column":3}},"loc":{"start":{"line":12,"column":11},"end":{"line":36,"column":3}},"line":12},"2":{"name":"(anonymous_2)","decl":{"start":{"line":21,"column":25},"end":{"line":21,"column":26}},"loc":{"start":{"line":22,"column":12},"end":{"line":31,"column":17}},"line":22},"3":{"name":"(anonymous_3)","decl":{"start":{"line":26,"column":26},"end":{"line":26,"column":27}},"loc":{"start":{"line":26,"column":32},"end":{"line":26,"column":56}},"line":26}},"branchMap":{},"s":{"0":2,"1":1,"2":1,"3":3,"4":6,"5":1},"f":{"0":1,"1":3,"2":6,"3":1},"b":{},"_coverageSchema":"43e27e138ebf9cfc5966b082cf9a028302ed4184","hash":"33d8346212da4bdd0011515f067cb170e8c372d5"}
}
