TN:
SF:/Users/wuchendi/Di-got/GitHub/Front-End/14-jest/jest-vue/src/App.jsx
FN:7,(anonymous_0)
FNF:1
FNH:0
FNDA:0,(anonymous_0)
DA:8,0
LF:1
LH:0
BRF:0
BRH:0
end_of_record
TN:
SF:/Users/wuchendi/Di-got/GitHub/Front-End/14-jest/jest-vue/src/components/Header/index.jsx
FN:5,(anonymous_0)
FN:11,(anonymous_1)
FN:18,(anonymous_2)
FNF:3
FNH:3
FNDA:6,(anonymous_0)
FNDA:2,(anonymous_1)
FNDA:9,(anonymous_2)
DA:3,2
DA:6,6
DA:12,2
DA:13,1
DA:14,1
DA:19,9
LF:6
LH:6
BRDA:12,0,0,1
BRDA:12,0,1,1
BRF:2
BRH:2
end_of_record
TN:
SF:/Users/wuchendi/Di-got/GitHub/Front-End/14-jest/jest-vue/src/components/ToDoList/index.jsx
FN:6,(anonymous_0)
FN:12,(anonymous_1)
FN:16,(anonymous_2)
FN:21,(anonymous_3)
FNF:4
FNH:4
FNDA:4,(anonymous_0)
FNDA:1,(anonymous_1)
FNDA:1,(anonymous_2)
FNDA:8,(anonymous_3)
DA:4,1
DA:7,4
DA:13,1
DA:14,1
DA:17,1
DA:18,1
DA:22,8
LF:7
LH:7
BRF:0
BRH:0
end_of_record
TN:
SF:/Users/wuchendi/Di-got/GitHub/Front-End/14-jest/jest-vue/src/components/UnDoList/index.jsx
FN:7,(anonymous_0)
FN:12,(anonymous_1)
FN:21,(anonymous_2)
FN:26,(anonymous_3)
FNF:4
FNH:4
FNDA:1,(anonymous_0)
FNDA:3,(anonymous_1)
FNDA:6,(anonymous_2)
FNDA:1,(anonymous_3)
DA:3,2
DA:8,1
DA:9,1
DA:13,3
DA:22,6
DA:26,1
LF:6
LH:6
BRF:0
BRH:0
end_of_record
